<?xml version="1.0" encoding="UTF-8"?>
<testng-results skipped="0" failed="0" ignored="0" total="1" passed="1">
  <reporter-output>
  </reporter-output>
  <suite name="Suite" duration-ms="39" started-at="2019-05-22T10:12:11Z" finished-at="2019-05-22T10:12:11Z">
    <groups>
    </groups>
    <test name="Test" duration-ms="39" started-at="2019-05-22T10:12:11Z" finished-at="2019-05-22T10:12:11Z">
      <class name="org.f5.automation.poc.calc">
        <test-method status="PASS" signature="TestAbsVal1()[pri:0, instance:org.f5.automation.poc.calc@57a48985]" name="TestAbsVal1" duration-ms="12" started-at="2019-05-22T10:12:11Z" finished-at="2019-05-22T10:12:11Z">
          <reporter-output>
          </reporter-output>
        </test-method> <!-- TestAbsVal1 -->
      </class> <!-- org.f5.automation.poc.calc -->
    </test> <!-- Test -->
  </suite> <!-- Suite -->
</testng-results>
