<?xml version="1.0" encoding="UTF-8"?>
<testng-results skipped="0" failed="0" ignored="0" total="1" passed="1">
  <reporter-output>
  </reporter-output>
  <suite name="Suite" duration-ms="22" started-at="2019-05-22T09:25:00Z" finished-at="2019-05-22T09:25:00Z">
    <groups>
    </groups>
    <test name="Test" duration-ms="22" started-at="2019-05-22T09:25:00Z" finished-at="2019-05-22T09:25:00Z">
      <class name="org.f5.automation.poc.calc">
        <test-method status="PASS" signature="TestAbsVal()[pri:0, instance:org.f5.automation.poc.calc@5dfcfece]" name="TestAbsVal" duration-ms="7" started-at="2019-05-22T09:25:00Z" finished-at="2019-05-22T09:25:00Z">
          <reporter-output>
          </reporter-output>
        </test-method> <!-- TestAbsVal -->
      </class> <!-- org.f5.automation.poc.calc -->
    </test> <!-- Test -->
  </suite> <!-- Suite -->
</testng-results>
